TN:
SF:src\controller\session.controller.ts
FN:7,createSessionHandler
FN:34,getUserSessionsHandler
FN:42,deleteSessionHandler
FNF:3
FNH:1
FNDA:1,createSessionHandler
FNDA:0,getUserSessionsHandler
FNDA:0,deleteSessionHandler
DA:2,1
DA:3,1
DA:4,1
DA:5,1
DA:7,1
DA:9,1
DA:10,1
DA:11,0
DA:14,1
DA:17,1
DA:24,1
DA:31,1
DA:34,1
DA:35,0
DA:36,0
DA:37,0
DA:42,1
DA:43,0
DA:45,0
DA:47,0
LF:20
LH:13
BRDA:10,0,0,0
BRDA:14,1,0,1
BRDA:14,1,1,0
BRF:3
BRH:1
end_of_record
TN:
SF:src\service\session.service.ts
FN:8,createSession
FN:14,findSessions
FN:18,updateSession
FN:22,reIssueAccessToken
FNF:4
FNH:0
FNDA:0,createSession
FNDA:0,findSessions
FNDA:0,updateSession
FNDA:0,reIssueAccessToken
DA:2,1
DA:3,1
DA:4,1
DA:5,1
DA:6,1
DA:8,1
DA:9,0
DA:11,0
DA:14,1
DA:15,0
DA:18,1
DA:19,0
DA:22,1
DA:25,0
DA:27,0
DA:28,0
DA:31,0
DA:33,0
DA:34,0
DA:37,0
DA:39,0
DA:40,0
DA:42,0
DA:46,0
LF:24
LH:9
BRDA:27,0,0,0
BRDA:27,1,0,0
BRDA:27,1,1,0
BRDA:33,2,0,0
BRDA:33,3,0,0
BRDA:33,3,1,0
BRDA:39,4,0,0
BRDA:39,4,1,0
BRF:8
BRH:0
end_of_record
TN:
SF:src\service\user.service.ts
FN:5,createUser
FN:14,validatePassword
FN:34,findUser
FNF:3
FNH:0
FNDA:0,createUser
FNDA:0,validatePassword
FNDA:0,findUser
DA:1,1
DA:3,1
DA:5,1
DA:6,0
DA:7,0
DA:8,0
DA:10,0
DA:14,1
DA:20,0
DA:22,0
DA:23,0
DA:25,0
DA:27,0
DA:28,0
DA:30,0
DA:34,1
DA:35,0
LF:17
LH:5
BRDA:22,0,0,0
BRDA:27,1,0,0
BRDA:27,1,1,0
BRF:3
BRH:0
end_of_record
TN:
SF:src\utils\server.ts
FN:5,createServer
FNF:1
FNH:1
FNDA:1,createServer
DA:1,1
DA:2,1
DA:3,1
DA:6,1
DA:8,1
DA:9,1
DA:10,1
DA:12,1
DA:16,1
LF:9
LH:9
BRF:0
BRH:0
end_of_record
