TN:
SF:src\controller\session.controller.ts
FN:7,createSessionHandler
FN:34,getUserSessionsHandler
FN:42,deleteSessionHandler
FNF:3
FNH:0
FNDA:0,createSessionHandler
FNDA:0,getUserSessionsHandler
FNDA:0,deleteSessionHandler
DA:2,1
DA:3,1
DA:4,1
DA:5,1
DA:7,1
DA:9,0
DA:10,0
DA:11,0
DA:14,0
DA:17,0
DA:24,0
DA:31,0
DA:34,1
DA:35,0
DA:36,0
DA:37,0
DA:42,1
DA:43,0
DA:45,0
DA:47,0
LF:20
LH:7
BRDA:10,0,0,0
BRDA:14,1,0,0
BRDA:14,1,1,0
BRF:3
BRH:0
end_of_record
TN:
SF:src\models\product.model.ts
FN:35,(anonymous_1)
FNF:1
FNH:1
FNDA:2,(anonymous_1)
DA:1,1
DA:29,1
DA:35,2
DA:48,1
DA:50,1
LF:5
LH:5
BRF:0
BRH:0
end_of_record
TN:
SF:src\service\product.service.ts
FN:7,createProduct
FN:11,findProduct
FN:18,findAndUpdateProduct
FN:26,deleteProduct
FNF:4
FNH:2
FNDA:2,createProduct
FNDA:2,findProduct
FNDA:0,findAndUpdateProduct
FNDA:0,deleteProduct
DA:2,1
DA:7,1
DA:8,2
DA:11,1
DA:15,2
DA:18,1
DA:23,0
DA:26,1
DA:27,0
LF:9
LH:7
BRDA:13,0,0,2
BRF:1
BRH:1
end_of_record
TN:
SF:src\service\session.service.ts
FN:8,createSession
FN:14,findSessions
FN:18,updateSession
FN:22,reIssueAccessToken
FNF:4
FNH:0
FNDA:0,createSession
FNDA:0,findSessions
FNDA:0,updateSession
FNDA:0,reIssueAccessToken
DA:2,1
DA:3,1
DA:4,1
DA:5,1
DA:6,1
DA:8,1
DA:9,0
DA:11,0
DA:14,1
DA:15,0
DA:18,1
DA:19,0
DA:22,1
DA:25,0
DA:27,0
DA:28,0
DA:31,0
DA:33,0
DA:34,0
DA:37,0
DA:39,0
DA:40,0
DA:42,0
DA:46,0
LF:24
LH:9
BRDA:27,0,0,0
BRDA:27,1,0,0
BRDA:27,1,1,0
BRDA:33,2,0,0
BRDA:33,3,0,0
BRDA:33,3,1,0
BRDA:39,4,0,0
BRDA:39,4,1,0
BRF:8
BRH:0
end_of_record
TN:
SF:src\service\user.service.ts
FN:5,createUser
FN:14,validatePassword
FN:34,findUser
FNF:3
FNH:0
FNDA:0,createUser
FNDA:0,validatePassword
FNDA:0,findUser
DA:1,1
DA:3,1
DA:5,1
DA:6,0
DA:7,0
DA:8,0
DA:10,0
DA:14,1
DA:20,0
DA:22,0
DA:23,0
DA:25,0
DA:27,0
DA:28,0
DA:30,0
DA:34,1
DA:35,0
LF:17
LH:5
BRDA:22,0,0,0
BRDA:27,1,0,0
BRDA:27,1,1,0
BRF:3
BRH:0
end_of_record
TN:
SF:src\utils\jwt.utils.ts
FN:7,signJwt
FN:16,verifyJwt
FNF:2
FNH:2
FNDA:1,signJwt
FNDA:1,verifyJwt
DA:1,1
DA:2,1
DA:4,1
DA:5,1
DA:7,1
DA:11,1
DA:16,1
DA:17,1
DA:18,1
DA:19,1
DA:25,0
LF:11
LH:10
BRDA:12,0,0,1
BRDA:12,0,1,0
BRF:2
BRH:1
end_of_record
TN:
SF:src\utils\server.ts
FN:5,createServer
FNF:1
FNH:1
FNDA:1,createServer
DA:1,1
DA:2,1
DA:3,1
DA:6,1
DA:8,1
DA:9,1
DA:10,1
DA:12,1
DA:16,1
LF:9
LH:9
BRF:0
BRH:0
end_of_record
